--------------------------------------------------------------------------------
Release 12.4 Trace  (lin64)
Copyright (c) 1995-2010 Xilinx, Inc.  All rights reserved.

/home/yavuz/Xilinxx/ISE_DS/ISE/bin/lin64/unwrapped/trce -intstyle ise -v 3 -s 5
-n 3 -fastpaths -xml FUNCROM.twx FUNCROM.ncd -o FUNCROM.twr FUNCROM.pcf

Design file:              FUNCROM.ncd
Physical constraint file: FUNCROM.pcf
Device,package,speed:     xc3s100e,cp132,-5 (PRODUCTION 1.27 2010-11-18)
Report level:             verbose report

Environment Variable      Effect 
--------------------      ------ 
NONE                      No environment variables were set
--------------------------------------------------------------------------------

INFO:Timing:2698 - No timing constraints found, doing default enumeration.
INFO:Timing:2752 - To get complete path coverage, use the unconstrained paths 
   option. All paths that are not constrained will be reported in the 
   unconstrained paths section(s) of the report.
INFO:Timing:3339 - The clock-to-out numbers in this timing report are based on 
   a 50 Ohm transmission line loading model.  For the details of this model, 
   and for more information on accounting for different loading conditions, 
   please see the device datasheet.
INFO:Timing:3390 - This architecture does not support a default System Jitter 
   value, please add SYSTEM_JITTER constraint to the UCF to modify the Clock 
   Uncertainty calculation.
INFO:Timing:3389 - This architecture does not support 'Discrete Jitter' and 
   'Phase Error' calculations, these terms will be zero in the Clock 
   Uncertainty calculation.  Please make appropriate modification to 
   SYSTEM_JITTER to account for the unsupported Discrete Jitter and Phase 
   Error.



Data Sheet report:
-----------------
All values displayed in nanoseconds (ns)

Pad to Pad
---------------+---------------+---------+
Source Pad     |Destination Pad|  Delay  |
---------------+---------------+---------+
romAddress<0>  |romData<0>     |    6.101|
romAddress<0>  |romData<1>     |    6.268|
romAddress<1>  |romData<0>     |    6.192|
romAddress<1>  |romData<1>     |    6.393|
romAddress<1>  |romData<2>     |    4.729|
romAddress<2>  |romData<0>     |    6.481|
romAddress<2>  |romData<1>     |    6.677|
romAddress<2>  |romData<3>     |    4.515|
romAddress<3>  |romData<0>     |    6.863|
romAddress<3>  |romData<1>     |    7.008|
romAddress<3>  |romData<4>     |    4.732|
---------------+---------------+---------+


Analysis completed Sun Apr 15 16:56:42 2018 
--------------------------------------------------------------------------------

Trace Settings:
-------------------------
Trace Settings 

Peak Memory Usage: 224 MB



