---------
is_empty: 1
num_levels: 1
num_nodes: 0
---------
  0       0
          + -
---------
---------
  1       0
          + -
123:  abc +
---------
---------
  0:      -> 123:  abc -> 
---------
---------
  2       0 1
          + + -
123:  abc +
234:  cde + +
---------
---------
 -1:      -> 234:  cde -> 

                          234:  cde -> 
                             |         
  0:      -> 123:  abc -> 234:  cde -> 

---------
---------
  3       0 1
          + + -
123:  abc +
234:  cde + +
345:  wer +
---------
---------
 -1:      -> 234:  cde -> 

                          234:  cde -> 
                             |         
  0:      -> 123:  abc -> 234:  cde -> 345:  wer -> 

---------
---------
  4       0 1 2
          + + + -
123:  abc +
234:  cde + +
345:  wer +
456:  rqe + + +
---------
---------
 -2:      -> 456:  rqe -> 

                          456:  rqe -> 
                             |         
 -1:      -> 234:  cde -> 456:  rqe -> 

                          234:  cde ->              456:  rqe -> 
                             |                         |         
  0:      -> 123:  abc -> 234:  cde -> 345:  wer -> 456:  rqe -> 

---------
---------
is_empty: 0
num_levels: 3
num_nodes: 5
---------
  5       0 1 2
          + + + -
123:  abc +
234:  cde + +
345:  wer +
456:  rqe + + +
567:  rre +
---------
---------
 -2:      -> 456:  rqe -> 

                          456:  rqe -> 
                             |         
 -1:      -> 234:  cde -> 456:  rqe -> 

                          234:  cde ->              456:  rqe -> 
                             |                         |         
  0:      -> 123:  abc -> 234:  cde -> 345:  wer -> 456:  rqe -> 567:  rre -> 

---------
---------
is_empty: 0
num_levels: 4
num_nodes: 10
---------
 10       0 1 2 3
          + + + + -
123:  abc +
234:  cde + +
345:  wer +
456:  rqe + + +
567:  rre +
678:  yey + +
789:  rtr +
890:  htv + + + +
901:  bgh +
912:  bnm + +
---------
---------
 -3:      -> 890:  htv -> 

                          890:  htv -> 
                             |         
 -2:      -> 456:  rqe -> 890:  htv -> 

                          456:  rqe ->              890:  htv -> 
                             |                         |         
 -1:      -> 234:  cde -> 456:  rqe -> 678:  yey -> 890:  htv -> 912:  bnm -> 

                          234:  cde ->              456:  rqe ->              678:  yey ->              890:  htv ->              912:  bnm -> 
                             |                         |                         |                         |                         |         
  0:      -> 123:  abc -> 234:  cde -> 345:  wer -> 456:  rqe -> 567:  rre -> 678:  yey -> 789:  rtr -> 890:  htv -> 901:  bgh -> 912:  bnm -> 

---------
---------
 10       0 1 2 3
          + + + + -
123:  abc +
234:  cde + +
345:  wer +
456:  rqe + + +
567:  rre +
678:  yey + +
789:  rtr +
890:  htv + + + +
901:  bgh +
912:  bnm + +
---------
---------
 -3:      -> 890:  htv -> 

                          890:  htv -> 
                             |         
 -2:      -> 456:  rqe -> 890:  htv -> 

                          456:  rqe ->              890:  htv -> 
                             |                         |         
 -1:      -> 234:  cde -> 456:  rqe -> 678:  yey -> 890:  htv -> 912:  bnm -> 

                          234:  cde ->              456:  rqe ->              678:  yey ->              890:  htv ->              912:  bnm -> 
                             |                         |                         |                         |                         |         
  0:      -> 123:  abc -> 234:  cde -> 345:  wer -> 456:  rqe -> 567:  rre -> 678:  yey -> 789:  rtr -> 890:  htv -> 901:  bgh -> 912:  bnm -> 

---------
---------
