
 11       0 1 2
          + + + -
  1:  ilk +
 12:  bnm +
123:abcty + +
234:cdehg +
345: werf +
456:  rqe + +
567:   rr +
678:    y +
789: rtrd + + +
890:  htv +
901:bghdf +

 -2:      -> 789: rtrd -> 

                                       789: rtrd -> 
                                          |         
 -1:      -> 123:abcty -> 456:  rqe -> 789: rtrd -> 

                                       123:abcty ->                           456:  rqe ->                           789: rtrd -> 
                                          |                                      |                                      |         
  0:      ->   1:  ilk ->  12:  bnm -> 123:abcty -> 234:cdehg -> 345: werf -> 456:  rqe -> 567:   rr -> 678:    y -> 789: rtrd -> 890:  htv -> 901:bghdf -> 


 11       0 1 2
          + + + -
  1:  ilk +
 12:  bnm +
123:abcty + +
234:cdehg +
345: werf +
456:  rqe + +
567:   rr +
678:    y +
789:  abc + + +
890:  htv +
901:bghdf +

 11       0 1 2
          + + + -
  1:  ilk +
 12:  bnm +
123:abcty + +
234:cdehg +
345: werf +
456:  rqe + +
567:   rr +
678:    y +
789:  abc + + +
890:  abc +
901:bghdf +

 -2:      -> 789:  abc -> 

                                       789:  abc -> 
                                          |         
 -1:      -> 123:abcty -> 456:  rqe -> 789:  abc -> 

                                       123:abcty ->                           456:  rqe ->                           789:  abc -> 
                                          |                                      |                                      |         
  0:      ->   1:  ilk ->  12:  bnm -> 123:abcty -> 234:cdehg -> 345: werf -> 456:  rqe -> 567:   rr -> 678:    y -> 789:  abc -> 890:  abc -> 901:bghdf -> 


